<?xml version="1.0" encoding="UTF-8"?>
<testsuite name="Consultar PDF CiberSeguridad" tests="1" skipped="0" failures="0" errors="0" timestamp="2020-06-05T19:20:59" hostname="SBMEDLAPPROSP6" time="28.002">
  <properties/>
  <testcase name="Consultar PDF" classname="Consultar PDF CiberSeguridad" time="28.002"/>
  <system-out><![CDATA[    Given aprender mas de Ciberseguridad           # ConsultarPDFStepDefinitions.aprenderMasDeCiberseguridad()
    When voy aprender sobre ciber seguridad        # ConsultarPDFStepDefinitions.voyAprenderSobreCiberSeguridad()
    Then valido que el pdf se encuentre disponible # ConsultarPDFStepDefinitions.validoQueElPdfSeEncuentreDisponible()
]]></system-out>
  <system-err><![CDATA[jun 05, 2020 2:21:00 PM org.openqa.selenium.remote.DesiredCapabilities chrome
INFORMACIÓN: Using `new ChromeOptions()` is preferred to `DesiredCapabilities.chrome()`
Starting ChromeDriver 72.0.3626.69 (3c16f8a135abc0d4da2dff33804db79b849a7c38) on port 1616
Only local connections are allowed.
Please protect ports used by ChromeDriver and related test frameworks to prevent access by malicious code.
[1591384864.401][WARNING]: Timed out connecting to Chrome, retrying...
jun 05, 2020 2:21:06 PM org.openqa.selenium.remote.ProtocolHandshake createSession
INFORMACIÓN: Detected dialect: OSS
[Test worker] INFO net.thucydides.core.steps.ConsoleLoggingListener - ?[92m
        __    _____ _____ ____ _____   ____   _    ____  ____  _____ ____  
  _     \ \  |_   _| ____/ ___|_   _| |  _ \ / \  / ___|/ ___|| ____|  _ \ 
 (_)_____| |   | | |  _| \___ \ | |   | |_) / _ \ \___ \\___ \|  _| | | | |
  _|_____| |   | | | |___ ___) || |   |  __/ ___ \ ___) |___) | |___| |_| |
 (_)     | |   |_| |_____|____/ |_|   |_| /_/   \_\____/|____/|_____|____/ 
        /_/                                                                

TEST PASSED: Consultar PDF
----------------------------------------------------------------------------?[0m
]]></system-err>
</testsuite>
